<?xml version="1.0" encoding="UTF-8"?>
<coverage generated="1677687240488" clover="3.2.0">
  <project timestamp="1677687240488" name="All files">
    <metrics statements="96" coveredstatements="85" conditionals="12" coveredconditionals="8" methods="37" coveredmethods="27" elements="145" coveredelements="120" complexity="0" loc="96" ncloc="96" packages="4" files="16" classes="16"/>
    <package name="components">
      <metrics statements="50" coveredstatements="43" conditionals="12" coveredconditionals="8" methods="21" coveredmethods="15"/>
      <file name="Body.js" path="E:\Namaste React\Swiggy-Unit-Test\src\components\Body.js">
        <metrics statements="15" coveredstatements="12" conditionals="6" coveredconditionals="4" methods="6" coveredmethods="4"/>
        <line num="11" count="2" type="stmt"/>
        <line num="12" count="8" type="stmt"/>
        <line num="15" count="7" type="stmt"/>
        <line num="18" count="7" type="stmt"/>
        <line num="20" count="7" type="stmt"/>
        <line num="22" count="7" type="cond" truecount="1" falsecount="1"/>
        <line num="23" count="0" type="stmt"/>
        <line num="27" count="7" type="cond" truecount="1" falsecount="1"/>
        <line num="33" count="7" type="cond" truecount="2" falsecount="0"/>
        <line num="44" count="1" type="stmt"/>
        <line num="51" count="1" type="stmt"/>
        <line num="52" count="1" type="stmt"/>
        <line num="60" count="0" type="stmt"/>
        <line num="65" count="0" type="stmt"/>
        <line num="72" count="47" type="stmt"/>
      </file>
      <file name="Header.js" path="E:\Namaste React\Swiggy-Unit-Test\src\components\Header.js">
        <metrics statements="11" coveredstatements="9" conditionals="4" coveredconditionals="2" methods="5" coveredmethods="3"/>
        <line num="8" count="2" type="stmt"/>
        <line num="9" count="5" type="stmt"/>
        <line num="14" count="2" type="stmt"/>
        <line num="15" count="5" type="stmt"/>
        <line num="17" count="5" type="stmt"/>
        <line num="19" count="5" type="stmt"/>
        <line num="22" count="6" type="stmt"/>
        <line num="24" count="5" type="stmt"/>
        <line num="26" count="5" type="stmt"/>
        <line num="51" count="0" type="stmt"/>
        <line num="53" count="0" type="stmt"/>
      </file>
      <file name="RestaurantCard.js" path="E:\Namaste React\Swiggy-Unit-Test\src\components\RestaurantCard.js">
        <metrics statements="3" coveredstatements="3" conditionals="0" coveredconditionals="0" methods="1" coveredmethods="1"/>
        <line num="5" count="2" type="stmt"/>
        <line num="13" count="47" type="stmt"/>
        <line num="15" count="47" type="stmt"/>
      </file>
      <file name="RestaurantMenu.js" path="E:\Namaste React\Swiggy-Unit-Test\src\components\RestaurantMenu.js">
        <metrics statements="13" coveredstatements="11" conditionals="2" coveredconditionals="2" methods="6" coveredmethods="4"/>
        <line num="9" count="1" type="stmt"/>
        <line num="10" count="2" type="stmt"/>
        <line num="11" count="2" type="stmt"/>
        <line num="13" count="2" type="stmt"/>
        <line num="15" count="2" type="stmt"/>
        <line num="17" count="2" type="stmt"/>
        <line num="18" count="0" type="stmt"/>
        <line num="21" count="2" type="stmt"/>
        <line num="22" count="1" type="stmt"/>
        <line num="25" count="2" type="cond" truecount="2" falsecount="0"/>
        <line num="40" count="0" type="stmt"/>
        <line num="49" count="63" type="stmt"/>
        <line num="55" count="1" type="stmt"/>
      </file>
      <file name="Shimmer.js" path="E:\Namaste React\Swiggy-Unit-Test\src\components\Shimmer.js">
        <metrics statements="3" coveredstatements="3" conditionals="0" coveredconditionals="0" methods="2" coveredmethods="2"/>
        <line num="1" count="2" type="stmt"/>
        <line num="2" count="4" type="stmt"/>
        <line num="4" count="40" type="stmt"/>
      </file>
      <file name="constants.js" path="E:\Namaste React\Swiggy-Unit-Test\src\components\constants.js">
        <metrics statements="3" coveredstatements="3" conditionals="0" coveredconditionals="0" methods="0" coveredmethods="0"/>
        <line num="1" count="2" type="stmt"/>
        <line num="3" count="2" type="stmt"/>
        <line num="6" count="2" type="stmt"/>
      </file>
      <file name="sum.js" path="E:\Namaste React\Swiggy-Unit-Test\src\components\sum.js">
        <metrics statements="2" coveredstatements="2" conditionals="0" coveredconditionals="0" methods="1" coveredmethods="1"/>
        <line num="1" count="1" type="stmt"/>
        <line num="2" count="1" type="stmt"/>
      </file>
    </package>
    <package name="mocks">
      <metrics statements="2" coveredstatements="2" conditionals="0" coveredconditionals="0" methods="0" coveredmethods="0"/>
      <file name="data.js" path="E:\Namaste React\Swiggy-Unit-Test\src\mocks\data.js">
        <metrics statements="2" coveredstatements="2" conditionals="0" coveredconditionals="0" methods="0" coveredmethods="0"/>
        <line num="1" count="2" type="stmt"/>
        <line num="4581" count="2" type="stmt"/>
      </file>
      <file name="dummyLogo.js" path="E:\Namaste React\Swiggy-Unit-Test\src\mocks\dummyLogo.js">
        <metrics statements="0" coveredstatements="0" conditionals="0" coveredconditionals="0" methods="0" coveredmethods="0"/>
      </file>
    </package>
    <package name="store">
      <metrics statements="6" coveredstatements="4" conditionals="0" coveredconditionals="0" methods="3" coveredmethods="1"/>
      <file name="cartSlice.js" path="E:\Namaste React\Swiggy-Unit-Test\src\store\cartSlice.js">
        <metrics statements="5" coveredstatements="3" conditionals="0" coveredconditionals="0" methods="3" coveredmethods="1"/>
        <line num="3" count="3" type="stmt"/>
        <line num="13" count="1" type="stmt"/>
        <line num="16" count="0" type="stmt"/>
        <line num="19" count="0" type="stmt"/>
        <line num="26" count="3" type="stmt"/>
      </file>
      <file name="store.js" path="E:\Namaste React\Swiggy-Unit-Test\src\store\store.js">
        <metrics statements="1" coveredstatements="1" conditionals="0" coveredconditionals="0" methods="0" coveredmethods="0"/>
        <line num="4" count="3" type="stmt"/>
      </file>
    </package>
    <package name="util">
      <metrics statements="38" coveredstatements="36" conditionals="0" coveredconditionals="0" methods="13" coveredmethods="11"/>
      <file name="UserContext.js" path="E:\Namaste React\Swiggy-Unit-Test\src\util\UserContext.js">
        <metrics statements="2" coveredstatements="2" conditionals="0" coveredconditionals="0" methods="0" coveredmethods="0"/>
        <line num="3" count="3" type="stmt"/>
        <line num="10" count="3" type="stmt"/>
      </file>
      <file name="helper.js" path="E:\Namaste React\Swiggy-Unit-Test\src\util\helper.js">
        <metrics statements="3" coveredstatements="3" conditionals="0" coveredconditionals="0" methods="2" coveredmethods="2"/>
        <line num="1" count="2" type="stmt"/>
        <line num="2" count="1" type="stmt"/>
        <line num="3" count="15" type="stmt"/>
      </file>
      <file name="useOnline.js" path="E:\Namaste React\Swiggy-Unit-Test\src\util\useOnline.js">
        <metrics statements="13" coveredstatements="11" conditionals="0" coveredconditionals="0" methods="5" coveredmethods="3"/>
        <line num="3" count="3" type="stmt"/>
        <line num="5" count="12" type="stmt"/>
        <line num="8" count="12" type="stmt"/>
        <line num="9" count="12" type="stmt"/>
        <line num="10" count="0" type="stmt"/>
        <line num="13" count="12" type="stmt"/>
        <line num="14" count="0" type="stmt"/>
        <line num="16" count="12" type="stmt"/>
        <line num="17" count="12" type="stmt"/>
        <line num="20" count="12" type="stmt"/>
        <line num="21" count="12" type="stmt"/>
        <line num="22" count="12" type="stmt"/>
        <line num="26" count="12" type="stmt"/>
      </file>
      <file name="useRestaurant.js" path="E:\Namaste React\Swiggy-Unit-Test\src\util\useRestaurant.js">
        <metrics statements="9" coveredstatements="9" conditionals="0" coveredconditionals="0" methods="3" coveredmethods="3"/>
        <line num="4" count="1" type="stmt"/>
        <line num="5" count="2" type="stmt"/>
        <line num="7" count="2" type="stmt"/>
        <line num="8" count="1" type="stmt"/>
        <line num="11" count="2" type="stmt"/>
        <line num="12" count="1" type="stmt"/>
        <line num="15" count="1" type="stmt"/>
        <line num="17" count="1" type="stmt"/>
        <line num="21" count="2" type="stmt"/>
      </file>
      <file name="useSwiggyApi.js" path="E:\Namaste React\Swiggy-Unit-Test\src\util\useSwiggyApi.js">
        <metrics statements="11" coveredstatements="11" conditionals="0" coveredconditionals="0" methods="3" coveredmethods="3"/>
        <line num="3" count="2" type="stmt"/>
        <line num="5" count="7" type="stmt"/>
        <line num="7" count="7" type="stmt"/>
        <line num="10" count="7" type="stmt"/>
        <line num="11" count="3" type="stmt"/>
        <line num="14" count="3" type="stmt"/>
        <line num="15" count="3" type="stmt"/>
        <line num="16" count="3" type="stmt"/>
        <line num="19" count="7" type="stmt"/>
        <line num="20" count="3" type="stmt"/>
        <line num="23" count="7" type="stmt"/>
      </file>
    </package>
  </project>
</coverage>
