{"E:\\Namaste React\\Swiggy-Unit-Test\\src\\components\\Body.js": {"path":"E:\\Namaste React\\Swiggy-Unit-Test\\src\\components\\Body.js","statementMap":{"0":{"start":{"line":11,"column":13},"end":{"line":91,"column":1}},"1":{"start":{"line":12,"column":28},"end":{"line":12,"column":51}},"2":{"start":{"line":15,"column":38},"end":{"line":15,"column":48}},"3":{"start":{"line":18,"column":4},"end":{"line":18,"column":18}},"4":{"start":{"line":20,"column":19},"end":{"line":20,"column":30}},"5":{"start":{"line":22,"column":2},"end":{"line":24,"column":3}},"6":{"start":{"line":23,"column":4},"end":{"line":23,"column":75}},"7":{"start":{"line":27,"column":2},"end":{"line":27,"column":35}},"8":{"start":{"line":27,"column":23},"end":{"line":27,"column":35}},"9":{"start":{"line":33,"column":2},"end":{"line":90,"column":4}},"10":{"start":{"line":44,"column":27},"end":{"line":44,"column":56}},"11":{"start":{"line":51,"column":25},"end":{"line":51,"column":63}},"12":{"start":{"line":52,"column":12},"end":{"line":52,"column":39}},"13":{"start":{"line":60,"column":27},"end":{"line":60,"column":69}},"14":{"start":{"line":65,"column":27},"end":{"line":65,"column":70}},"15":{"start":{"line":72,"column":10},"end":{"line":79,"column":12}}},"fnMap":{"0":{"name":"(anonymous_0)","decl":{"start":{"line":11,"column":13},"end":{"line":11,"column":14}},"loc":{"start":{"line":11,"column":19},"end":{"line":91,"column":1}},"line":11},"1":{"name":"(anonymous_1)","decl":{"start":{"line":44,"column":20},"end":{"line":44,"column":21}},"loc":{"start":{"line":44,"column":27},"end":{"line":44,"column":56}},"line":44},"2":{"name":"(anonymous_2)","decl":{"start":{"line":50,"column":19},"end":{"line":50,"column":20}},"loc":{"start":{"line":50,"column":25},"end":{"line":53,"column":11}},"line":50},"3":{"name":"(anonymous_3)","decl":{"start":{"line":60,"column":20},"end":{"line":60,"column":21}},"loc":{"start":{"line":60,"column":27},"end":{"line":60,"column":69}},"line":60},"4":{"name":"(anonymous_4)","decl":{"start":{"line":65,"column":20},"end":{"line":65,"column":21}},"loc":{"start":{"line":65,"column":27},"end":{"line":65,"column":70}},"line":65},"5":{"name":"(anonymous_5)","decl":{"start":{"line":71,"column":33},"end":{"line":71,"column":34}},"loc":{"start":{"line":71,"column":49},"end":{"line":80,"column":9}},"line":71}},"branchMap":{"0":{"loc":{"start":{"line":22,"column":2},"end":{"line":24,"column":3}},"type":"if","locations":[{"start":{"line":22,"column":2},"end":{"line":24,"column":3}},{"start":{},"end":{}}],"line":22},"1":{"loc":{"start":{"line":27,"column":2},"end":{"line":27,"column":35}},"type":"if","locations":[{"start":{"line":27,"column":2},"end":{"line":27,"column":35}},{"start":{},"end":{}}],"line":27},"2":{"loc":{"start":{"line":33,"column":9},"end":{"line":90,"column":3}},"type":"cond-expr","locations":[{"start":{"line":34,"column":4},"end":{"line":34,"column":15}},{"start":{"line":36,"column":4},"end":{"line":89,"column":7}}],"line":33}},"s":{"0":2,"1":8,"2":7,"3":7,"4":7,"5":7,"6":0,"7":7,"8":0,"9":7,"10":1,"11":1,"12":1,"13":0,"14":0,"15":47},"f":{"0":8,"1":1,"2":1,"3":0,"4":0,"5":47},"b":{"0":[0,7],"1":[0,7],"2":[3,4]},"_coverageSchema":"1a1c01bbd47fc00a2c39e90264f33305004495a9","hash":"f4579c9228d20cd3b5e2485ce4121cca18f5e174"}
,"E:\\Namaste React\\Swiggy-Unit-Test\\src\\components\\Header.js": {"path":"E:\\Namaste React\\Swiggy-Unit-Test\\src\\components\\Header.js","statementMap":{"0":{"start":{"line":8,"column":14},"end":{"line":12,"column":1}},"1":{"start":{"line":9,"column":2},"end":{"line":11,"column":6}},"2":{"start":{"line":14,"column":15},"end":{"line":57,"column":1}},"3":{"start":{"line":15,"column":38},"end":{"line":15,"column":52}},"4":{"start":{"line":17,"column":19},"end":{"line":17,"column":30}},"5":{"start":{"line":19,"column":17},"end":{"line":19,"column":40}},"6":{"start":{"line":22,"column":20},"end":{"line":22,"column":59}},"7":{"start":{"line":22,"column":41},"end":{"line":22,"column":57}},"8":{"start":{"line":24,"column":2},"end":{"line":24,"column":25}},"9":{"start":{"line":26,"column":2},"end":{"line":56,"column":4}},"10":{"start":{"line":51,"column":31},"end":{"line":51,"column":51}},"11":{"start":{"line":53,"column":31},"end":{"line":53,"column":50}}},"fnMap":{"0":{"name":"(anonymous_0)","decl":{"start":{"line":8,"column":14},"end":{"line":8,"column":15}},"loc":{"start":{"line":9,"column":2},"end":{"line":11,"column":6}},"line":9},"1":{"name":"(anonymous_1)","decl":{"start":{"line":14,"column":15},"end":{"line":14,"column":16}},"loc":{"start":{"line":14,"column":21},"end":{"line":57,"column":1}},"line":14},"2":{"name":"(anonymous_2)","decl":{"start":{"line":22,"column":32},"end":{"line":22,"column":33}},"loc":{"start":{"line":22,"column":41},"end":{"line":22,"column":57}},"line":22},"3":{"name":"(anonymous_3)","decl":{"start":{"line":51,"column":25},"end":{"line":51,"column":26}},"loc":{"start":{"line":51,"column":31},"end":{"line":51,"column":51}},"line":51},"4":{"name":"(anonymous_4)","decl":{"start":{"line":53,"column":25},"end":{"line":53,"column":26}},"loc":{"start":{"line":53,"column":31},"end":{"line":53,"column":50}},"line":53}},"branchMap":{"0":{"loc":{"start":{"line":48,"column":40},"end":{"line":48,"column":62}},"type":"cond-expr","locations":[{"start":{"line":48,"column":51},"end":{"line":48,"column":55}},{"start":{"line":48,"column":58},"end":{"line":48,"column":62}}],"line":48},"1":{"loc":{"start":{"line":50,"column":7},"end":{"line":54,"column":7}},"type":"cond-expr","locations":[{"start":{"line":51,"column":8},"end":{"line":51,"column":68}},{"start":{"line":53,"column":8},"end":{"line":53,"column":66}}],"line":50}},"s":{"0":2,"1":5,"2":2,"3":5,"4":5,"5":5,"6":5,"7":6,"8":5,"9":5,"10":0,"11":0},"f":{"0":5,"1":5,"2":6,"3":0,"4":0},"b":{"0":[5,0],"1":[5,0]},"_coverageSchema":"1a1c01bbd47fc00a2c39e90264f33305004495a9","hash":"6f0c56985945dd0a24f7e36e4e34742c6b75bd3b"}
,"E:\\Namaste React\\Swiggy-Unit-Test\\src\\components\\RestaurantCard.js": {"path":"E:\\Namaste React\\Swiggy-Unit-Test\\src\\components\\RestaurantCard.js","statementMap":{"0":{"start":{"line":5,"column":23},"end":{"line":30,"column":1}},"1":{"start":{"line":13,"column":17},"end":{"line":13,"column":40}},"2":{"start":{"line":15,"column":2},"end":{"line":29,"column":4}}},"fnMap":{"0":{"name":"(anonymous_0)","decl":{"start":{"line":5,"column":23},"end":{"line":5,"column":24}},"loc":{"start":{"line":10,"column":6},"end":{"line":30,"column":1}},"line":10}},"branchMap":{},"s":{"0":2,"1":47,"2":47},"f":{"0":47},"b":{},"_coverageSchema":"1a1c01bbd47fc00a2c39e90264f33305004495a9","hash":"9304c19925a085c4d910581034c81ab49b138795"}
,"E:\\Namaste React\\Swiggy-Unit-Test\\src\\components\\RestaurantMenu.js": {"path":"E:\\Namaste React\\Swiggy-Unit-Test\\src\\components\\RestaurantMenu.js","statementMap":{"0":{"start":{"line":9,"column":23},"end":{"line":67,"column":1}},"1":{"start":{"line":10,"column":17},"end":{"line":10,"column":28}},"2":{"start":{"line":11,"column":20},"end":{"line":11,"column":26}},"3":{"start":{"line":13,"column":21},"end":{"line":13,"column":41}},"4":{"start":{"line":15,"column":19},"end":{"line":15,"column":32}},"5":{"start":{"line":17,"column":24},"end":{"line":19,"column":3}},"6":{"start":{"line":18,"column":4},"end":{"line":18,"column":31}},"7":{"start":{"line":21,"column":22},"end":{"line":23,"column":3}},"8":{"start":{"line":22,"column":4},"end":{"line":22,"column":28}},"9":{"start":{"line":25,"column":2},"end":{"line":66,"column":4}},"10":{"start":{"line":40,"column":25},"end":{"line":40,"column":40}},"11":{"start":{"line":49,"column":12},"end":{"line":60,"column":14}},"12":{"start":{"line":55,"column":33},"end":{"line":55,"column":50}}},"fnMap":{"0":{"name":"(anonymous_0)","decl":{"start":{"line":9,"column":23},"end":{"line":9,"column":24}},"loc":{"start":{"line":9,"column":29},"end":{"line":67,"column":1}},"line":9},"1":{"name":"(anonymous_1)","decl":{"start":{"line":17,"column":24},"end":{"line":17,"column":25}},"loc":{"start":{"line":17,"column":30},"end":{"line":19,"column":3}},"line":17},"2":{"name":"(anonymous_2)","decl":{"start":{"line":21,"column":22},"end":{"line":21,"column":23}},"loc":{"start":{"line":21,"column":32},"end":{"line":23,"column":3}},"line":21},"3":{"name":"(anonymous_3)","decl":{"start":{"line":40,"column":19},"end":{"line":40,"column":20}},"loc":{"start":{"line":40,"column":25},"end":{"line":40,"column":40}},"line":40},"4":{"name":"(anonymous_4)","decl":{"start":{"line":48,"column":54},"end":{"line":48,"column":55}},"loc":{"start":{"line":48,"column":64},"end":{"line":61,"column":11}},"line":48},"5":{"name":"(anonymous_5)","decl":{"start":{"line":55,"column":27},"end":{"line":55,"column":28}},"loc":{"start":{"line":55,"column":33},"end":{"line":55,"column":50}},"line":55}},"branchMap":{"0":{"loc":{"start":{"line":25,"column":9},"end":{"line":66,"column":3}},"type":"cond-expr","locations":[{"start":{"line":26,"column":4},"end":{"line":26,"column":15}},{"start":{"line":28,"column":4},"end":{"line":65,"column":10}}],"line":25}},"s":{"0":1,"1":2,"2":2,"3":2,"4":2,"5":2,"6":0,"7":2,"8":1,"9":2,"10":0,"11":63,"12":1},"f":{"0":2,"1":0,"2":1,"3":0,"4":63,"5":1},"b":{"0":[1,1]},"_coverageSchema":"1a1c01bbd47fc00a2c39e90264f33305004495a9","hash":"5e1c27117671a0cfd184aa1ccbc7878f3e5dbab4"}
,"E:\\Namaste React\\Swiggy-Unit-Test\\src\\components\\Shimmer.js": {"path":"E:\\Namaste React\\Swiggy-Unit-Test\\src\\components\\Shimmer.js","statementMap":{"0":{"start":{"line":1,"column":16},"end":{"line":7,"column":1}},"1":{"start":{"line":2,"column":2},"end":{"line":6,"column":3}},"2":{"start":{"line":4,"column":44},"end":{"line":4,"column":92}}},"fnMap":{"0":{"name":"(anonymous_0)","decl":{"start":{"line":1,"column":16},"end":{"line":1,"column":17}},"loc":{"start":{"line":1,"column":22},"end":{"line":7,"column":1}},"line":1},"1":{"name":"(anonymous_1)","decl":{"start":{"line":4,"column":30},"end":{"line":4,"column":31}},"loc":{"start":{"line":4,"column":44},"end":{"line":4,"column":92}},"line":4}},"branchMap":{},"s":{"0":2,"1":4,"2":40},"f":{"0":4,"1":40},"b":{},"_coverageSchema":"1a1c01bbd47fc00a2c39e90264f33305004495a9","hash":"9bc1ee64d1a982027974efbe8abe510b182135d0"}
,"E:\\Namaste React\\Swiggy-Unit-Test\\src\\components\\constants.js": {"path":"E:\\Namaste React\\Swiggy-Unit-Test\\src\\components\\constants.js","statementMap":{"0":{"start":{"line":1,"column":27},"end":{"line":1,"column":118}},"1":{"start":{"line":3,"column":30},"end":{"line":3,"column":108}},"2":{"start":{"line":6,"column":30},"end":{"line":447,"column":1}}},"fnMap":{},"branchMap":{},"s":{"0":2,"1":2,"2":2},"f":{},"b":{},"_coverageSchema":"1a1c01bbd47fc00a2c39e90264f33305004495a9","hash":"8d55cb9b5ebf27419affbfc6d1d99720cb79294f"}
,"E:\\Namaste React\\Swiggy-Unit-Test\\src\\components\\sum.js": {"path":"E:\\Namaste React\\Swiggy-Unit-Test\\src\\components\\sum.js","statementMap":{"0":{"start":{"line":1,"column":19},"end":{"line":3,"column":1}},"1":{"start":{"line":2,"column":2},"end":{"line":2,"column":15}}},"fnMap":{"0":{"name":"(anonymous_0)","decl":{"start":{"line":1,"column":19},"end":{"line":1,"column":20}},"loc":{"start":{"line":1,"column":29},"end":{"line":3,"column":1}},"line":1}},"branchMap":{},"s":{"0":1,"1":1},"f":{"0":1},"b":{},"_coverageSchema":"1a1c01bbd47fc00a2c39e90264f33305004495a9","hash":"ccc3f6434a95775c22e93af263f795ec851fc2cc"}
,"E:\\Namaste React\\Swiggy-Unit-Test\\src\\mocks\\data.js": {"path":"E:\\Namaste React\\Swiggy-Unit-Test\\src\\mocks\\data.js","statementMap":{"0":{"start":{"line":1,"column":25},"end":{"line":4579,"column":1}},"1":{"start":{"line":4581,"column":31},"end":{"line":6903,"column":1}}},"fnMap":{},"branchMap":{},"s":{"0":2,"1":2},"f":{},"b":{},"_coverageSchema":"1a1c01bbd47fc00a2c39e90264f33305004495a9","hash":"b4c06954b8c3dc98615621b5410d4cbe154a6a1e"}
,"E:\\Namaste React\\Swiggy-Unit-Test\\src\\mocks\\dummyLogo.js": {"path":"E:\\Namaste React\\Swiggy-Unit-Test\\src\\mocks\\dummyLogo.js","statementMap":{},"fnMap":{},"branchMap":{},"s":{},"f":{},"b":{},"_coverageSchema":"1a1c01bbd47fc00a2c39e90264f33305004495a9","hash":"16ae85c090c4e8058a4e730bd85e52f82798a3e7"}
,"E:\\Namaste React\\Swiggy-Unit-Test\\src\\store\\cartSlice.js": {"path":"E:\\Namaste React\\Swiggy-Unit-Test\\src\\store\\cartSlice.js","statementMap":{"0":{"start":{"line":3,"column":18},"end":{"line":23,"column":2}},"1":{"start":{"line":13,"column":6},"end":{"line":13,"column":39}},"2":{"start":{"line":16,"column":6},"end":{"line":16,"column":24}},"3":{"start":{"line":19,"column":6},"end":{"line":19,"column":23}},"4":{"start":{"line":26,"column":48},"end":{"line":26,"column":65}}},"fnMap":{"0":{"name":"(anonymous_0)","decl":{"start":{"line":12,"column":13},"end":{"line":12,"column":14}},"loc":{"start":{"line":12,"column":32},"end":{"line":14,"column":5}},"line":12},"1":{"name":"(anonymous_1)","decl":{"start":{"line":15,"column":16},"end":{"line":15,"column":17}},"loc":{"start":{"line":15,"column":27},"end":{"line":17,"column":5}},"line":15},"2":{"name":"(anonymous_2)","decl":{"start":{"line":18,"column":15},"end":{"line":18,"column":16}},"loc":{"start":{"line":18,"column":26},"end":{"line":20,"column":5}},"line":18}},"branchMap":{},"s":{"0":3,"1":1,"2":0,"3":0,"4":3},"f":{"0":1,"1":0,"2":0},"b":{},"_coverageSchema":"1a1c01bbd47fc00a2c39e90264f33305004495a9","hash":"0f488006f808e4c913b2cc556fde0eacebaf455b"}
,"E:\\Namaste React\\Swiggy-Unit-Test\\src\\store\\store.js": {"path":"E:\\Namaste React\\Swiggy-Unit-Test\\src\\store\\store.js","statementMap":{"0":{"start":{"line":4,"column":14},"end":{"line":8,"column":2}}},"fnMap":{},"branchMap":{},"s":{"0":3},"f":{},"b":{},"_coverageSchema":"1a1c01bbd47fc00a2c39e90264f33305004495a9","hash":"a8134c0865ec635691f3dce4ec638d9e2cabb2a2"}
,"E:\\Namaste React\\Swiggy-Unit-Test\\src\\util\\UserContext.js": {"path":"E:\\Namaste React\\Swiggy-Unit-Test\\src\\util\\UserContext.js","statementMap":{"0":{"start":{"line":3,"column":20},"end":{"line":7,"column":3}},"1":{"start":{"line":10,"column":0},"end":{"line":10,"column":40}}},"fnMap":{},"branchMap":{},"s":{"0":3,"1":3},"f":{},"b":{},"_coverageSchema":"1a1c01bbd47fc00a2c39e90264f33305004495a9","hash":"242a382edfd210a54f70f214f43721643329d8e2"}
,"E:\\Namaste React\\Swiggy-Unit-Test\\src\\util\\helper.js": {"path":"E:\\Namaste React\\Swiggy-Unit-Test\\src\\util\\helper.js","statementMap":{"0":{"start":{"line":1,"column":26},"end":{"line":5,"column":1}},"1":{"start":{"line":2,"column":2},"end":{"line":4,"column":4}},"2":{"start":{"line":3,"column":4},"end":{"line":3,"column":77}}},"fnMap":{"0":{"name":"(anonymous_0)","decl":{"start":{"line":1,"column":26},"end":{"line":1,"column":27}},"loc":{"start":{"line":1,"column":55},"end":{"line":5,"column":1}},"line":1},"1":{"name":"(anonymous_1)","decl":{"start":{"line":2,"column":28},"end":{"line":2,"column":29}},"loc":{"start":{"line":3,"column":4},"end":{"line":3,"column":77}},"line":3}},"branchMap":{},"s":{"0":2,"1":1,"2":15},"f":{"0":1,"1":15},"b":{},"_coverageSchema":"1a1c01bbd47fc00a2c39e90264f33305004495a9","hash":"350b7a17f8193453c9a1cd0d73c7c90211b10c27"}
,"E:\\Namaste React\\Swiggy-Unit-Test\\src\\util\\useOnline.js": {"path":"E:\\Namaste React\\Swiggy-Unit-Test\\src\\util\\useOnline.js","statementMap":{"0":{"start":{"line":3,"column":18},"end":{"line":27,"column":1}},"1":{"start":{"line":5,"column":34},"end":{"line":5,"column":48}},"2":{"start":{"line":8,"column":2},"end":{"line":24,"column":4}},"3":{"start":{"line":9,"column":26},"end":{"line":11,"column":5}},"4":{"start":{"line":10,"column":6},"end":{"line":10,"column":24}},"5":{"start":{"line":13,"column":26},"end":{"line":15,"column":5}},"6":{"start":{"line":14,"column":6},"end":{"line":14,"column":25}},"7":{"start":{"line":16,"column":4},"end":{"line":16,"column":56}},"8":{"start":{"line":17,"column":4},"end":{"line":17,"column":58}},"9":{"start":{"line":20,"column":4},"end":{"line":23,"column":5}},"10":{"start":{"line":21,"column":6},"end":{"line":21,"column":57}},"11":{"start":{"line":22,"column":6},"end":{"line":22,"column":59}},"12":{"start":{"line":26,"column":2},"end":{"line":26,"column":18}}},"fnMap":{"0":{"name":"(anonymous_0)","decl":{"start":{"line":3,"column":18},"end":{"line":3,"column":19}},"loc":{"start":{"line":3,"column":24},"end":{"line":27,"column":1}},"line":3},"1":{"name":"(anonymous_1)","decl":{"start":{"line":8,"column":12},"end":{"line":8,"column":13}},"loc":{"start":{"line":8,"column":18},"end":{"line":24,"column":3}},"line":8},"2":{"name":"(anonymous_2)","decl":{"start":{"line":9,"column":26},"end":{"line":9,"column":27}},"loc":{"start":{"line":9,"column":32},"end":{"line":11,"column":5}},"line":9},"3":{"name":"(anonymous_3)","decl":{"start":{"line":13,"column":26},"end":{"line":13,"column":27}},"loc":{"start":{"line":13,"column":32},"end":{"line":15,"column":5}},"line":13},"4":{"name":"(anonymous_4)","decl":{"start":{"line":20,"column":11},"end":{"line":20,"column":12}},"loc":{"start":{"line":20,"column":17},"end":{"line":23,"column":5}},"line":20}},"branchMap":{},"s":{"0":3,"1":12,"2":12,"3":12,"4":0,"5":12,"6":0,"7":12,"8":12,"9":12,"10":12,"11":12,"12":12},"f":{"0":12,"1":12,"2":0,"3":0,"4":12},"b":{},"_coverageSchema":"1a1c01bbd47fc00a2c39e90264f33305004495a9","hash":"0009828b1088dc34c466c2fdec1a9129c8af4497"}
,"E:\\Namaste React\\Swiggy-Unit-Test\\src\\util\\useRestaurant.js": {"path":"E:\\Namaste React\\Swiggy-Unit-Test\\src\\util\\useRestaurant.js","statementMap":{"0":{"start":{"line":4,"column":22},"end":{"line":22,"column":1}},"1":{"start":{"line":5,"column":38},"end":{"line":5,"column":52}},"2":{"start":{"line":7,"column":2},"end":{"line":9,"column":9}},"3":{"start":{"line":8,"column":4},"end":{"line":8,"column":24}},"4":{"start":{"line":11,"column":28},"end":{"line":18,"column":3}},"5":{"start":{"line":12,"column":17},"end":{"line":14,"column":5}},"6":{"start":{"line":15,"column":17},"end":{"line":15,"column":34}},"7":{"start":{"line":17,"column":4},"end":{"line":17,"column":29}},"8":{"start":{"line":21,"column":2},"end":{"line":21,"column":20}}},"fnMap":{"0":{"name":"(anonymous_0)","decl":{"start":{"line":4,"column":22},"end":{"line":4,"column":23}},"loc":{"start":{"line":4,"column":33},"end":{"line":22,"column":1}},"line":4},"1":{"name":"(anonymous_1)","decl":{"start":{"line":7,"column":12},"end":{"line":7,"column":13}},"loc":{"start":{"line":7,"column":18},"end":{"line":9,"column":3}},"line":7},"2":{"name":"(anonymous_2)","decl":{"start":{"line":11,"column":28},"end":{"line":11,"column":29}},"loc":{"start":{"line":11,"column":40},"end":{"line":18,"column":3}},"line":11}},"branchMap":{},"s":{"0":1,"1":2,"2":2,"3":1,"4":2,"5":1,"6":1,"7":1,"8":2},"f":{"0":2,"1":1,"2":1},"b":{},"_coverageSchema":"1a1c01bbd47fc00a2c39e90264f33305004495a9","hash":"15aa4e20f6bfe278efb5855b8b9de39b3b5857c7"}
,"E:\\Namaste React\\Swiggy-Unit-Test\\src\\util\\useSwiggyApi.js": {"path":"E:\\Namaste React\\Swiggy-Unit-Test\\src\\util\\useSwiggyApi.js","statementMap":{"0":{"start":{"line":3,"column":21},"end":{"line":25,"column":1}},"1":{"start":{"line":5,"column":46},"end":{"line":5,"column":58}},"2":{"start":{"line":7,"column":54},"end":{"line":7,"column":66}},"3":{"start":{"line":10,"column":25},"end":{"line":17,"column":3}},"4":{"start":{"line":11,"column":17},"end":{"line":13,"column":5}},"5":{"start":{"line":14,"column":16},"end":{"line":14,"column":33}},"6":{"start":{"line":15,"column":4},"end":{"line":15,"column":62}},"7":{"start":{"line":16,"column":4},"end":{"line":16,"column":65}},"8":{"start":{"line":19,"column":2},"end":{"line":21,"column":9}},"9":{"start":{"line":20,"column":4},"end":{"line":20,"column":21}},"10":{"start":{"line":23,"column":2},"end":{"line":23,"column":69}}},"fnMap":{"0":{"name":"(anonymous_0)","decl":{"start":{"line":3,"column":21},"end":{"line":3,"column":22}},"loc":{"start":{"line":3,"column":27},"end":{"line":25,"column":1}},"line":3},"1":{"name":"(anonymous_1)","decl":{"start":{"line":10,"column":25},"end":{"line":10,"column":26}},"loc":{"start":{"line":10,"column":37},"end":{"line":17,"column":3}},"line":10},"2":{"name":"(anonymous_2)","decl":{"start":{"line":19,"column":12},"end":{"line":19,"column":13}},"loc":{"start":{"line":19,"column":18},"end":{"line":21,"column":3}},"line":19}},"branchMap":{},"s":{"0":2,"1":7,"2":7,"3":7,"4":3,"5":3,"6":3,"7":3,"8":7,"9":3,"10":7},"f":{"0":7,"1":3,"2":3},"b":{},"_coverageSchema":"1a1c01bbd47fc00a2c39e90264f33305004495a9","hash":"605ef8da18d2c6da0affb88ab5145bb5a270ea67"}
}
