TN:
SF:src\components\Body.js
FN:11,(anonymous_0)
FN:44,(anonymous_1)
FN:50,(anonymous_2)
FN:60,(anonymous_3)
FN:65,(anonymous_4)
FN:71,(anonymous_5)
FNF:6
FNH:4
FNDA:8,(anonymous_0)
FNDA:1,(anonymous_1)
FNDA:1,(anonymous_2)
FNDA:0,(anonymous_3)
FNDA:0,(anonymous_4)
FNDA:47,(anonymous_5)
DA:11,2
DA:12,8
DA:15,7
DA:18,7
DA:20,7
DA:22,7
DA:23,0
DA:27,7
DA:33,7
DA:44,1
DA:51,1
DA:52,1
DA:60,0
DA:65,0
DA:72,47
LF:15
LH:12
BRDA:22,0,0,0
BRDA:22,0,1,7
BRDA:27,1,0,0
BRDA:27,1,1,7
BRDA:33,2,0,3
BRDA:33,2,1,4
BRF:6
BRH:4
end_of_record
TN:
SF:src\components\Header.js
FN:8,(anonymous_0)
FN:14,(anonymous_1)
FN:22,(anonymous_2)
FN:51,(anonymous_3)
FN:53,(anonymous_4)
FNF:5
FNH:3
FNDA:5,(anonymous_0)
FNDA:5,(anonymous_1)
FNDA:6,(anonymous_2)
FNDA:0,(anonymous_3)
FNDA:0,(anonymous_4)
DA:8,2
DA:9,5
DA:14,2
DA:15,5
DA:17,5
DA:19,5
DA:22,6
DA:24,5
DA:26,5
DA:51,0
DA:53,0
LF:11
LH:9
BRDA:48,0,0,5
BRDA:48,0,1,0
BRDA:50,1,0,5
BRDA:50,1,1,0
BRF:4
BRH:2
end_of_record
TN:
SF:src\components\RestaurantCard.js
FN:5,(anonymous_0)
FNF:1
FNH:1
FNDA:47,(anonymous_0)
DA:5,2
DA:13,47
DA:15,47
LF:3
LH:3
BRF:0
BRH:0
end_of_record
TN:
SF:src\components\RestaurantMenu.js
FN:9,(anonymous_0)
FN:17,(anonymous_1)
FN:21,(anonymous_2)
FN:40,(anonymous_3)
FN:48,(anonymous_4)
FN:55,(anonymous_5)
FNF:6
FNH:4
FNDA:2,(anonymous_0)
FNDA:0,(anonymous_1)
FNDA:1,(anonymous_2)
FNDA:0,(anonymous_3)
FNDA:63,(anonymous_4)
FNDA:1,(anonymous_5)
DA:9,1
DA:10,2
DA:11,2
DA:13,2
DA:15,2
DA:17,2
DA:18,0
DA:21,2
DA:22,1
DA:25,2
DA:40,0
DA:49,63
DA:55,1
LF:13
LH:11
BRDA:25,0,0,1
BRDA:25,0,1,1
BRF:2
BRH:2
end_of_record
TN:
SF:src\components\Shimmer.js
FN:1,(anonymous_0)
FN:4,(anonymous_1)
FNF:2
FNH:2
FNDA:4,(anonymous_0)
FNDA:40,(anonymous_1)
DA:1,2
DA:2,4
DA:4,40
LF:3
LH:3
BRF:0
BRH:0
end_of_record
TN:
SF:src\components\constants.js
FNF:0
FNH:0
DA:1,2
DA:3,2
DA:6,2
LF:3
LH:3
BRF:0
BRH:0
end_of_record
TN:
SF:src\components\sum.js
FN:1,(anonymous_0)
FNF:1
FNH:1
FNDA:1,(anonymous_0)
DA:1,1
DA:2,1
LF:2
LH:2
BRF:0
BRH:0
end_of_record
TN:
SF:src\mocks\data.js
FNF:0
FNH:0
DA:1,2
DA:4581,2
LF:2
LH:2
BRF:0
BRH:0
end_of_record
TN:
SF:src\mocks\dummyLogo.js
FNF:0
FNH:0
LF:0
LH:0
BRF:0
BRH:0
end_of_record
TN:
SF:src\store\cartSlice.js
FN:12,(anonymous_0)
FN:15,(anonymous_1)
FN:18,(anonymous_2)
FNF:3
FNH:1
FNDA:1,(anonymous_0)
FNDA:0,(anonymous_1)
FNDA:0,(anonymous_2)
DA:3,3
DA:13,1
DA:16,0
DA:19,0
DA:26,3
LF:5
LH:3
BRF:0
BRH:0
end_of_record
TN:
SF:src\store\store.js
FNF:0
FNH:0
DA:4,3
LF:1
LH:1
BRF:0
BRH:0
end_of_record
TN:
SF:src\util\UserContext.js
FNF:0
FNH:0
DA:3,3
DA:10,3
LF:2
LH:2
BRF:0
BRH:0
end_of_record
TN:
SF:src\util\helper.js
FN:1,(anonymous_0)
FN:2,(anonymous_1)
FNF:2
FNH:2
FNDA:1,(anonymous_0)
FNDA:15,(anonymous_1)
DA:1,2
DA:2,1
DA:3,15
LF:3
LH:3
BRF:0
BRH:0
end_of_record
TN:
SF:src\util\useOnline.js
FN:3,(anonymous_0)
FN:8,(anonymous_1)
FN:9,(anonymous_2)
FN:13,(anonymous_3)
FN:20,(anonymous_4)
FNF:5
FNH:3
FNDA:12,(anonymous_0)
FNDA:12,(anonymous_1)
FNDA:0,(anonymous_2)
FNDA:0,(anonymous_3)
FNDA:12,(anonymous_4)
DA:3,3
DA:5,12
DA:8,12
DA:9,12
DA:10,0
DA:13,12
DA:14,0
DA:16,12
DA:17,12
DA:20,12
DA:21,12
DA:22,12
DA:26,12
LF:13
LH:11
BRF:0
BRH:0
end_of_record
TN:
SF:src\util\useRestaurant.js
FN:4,(anonymous_0)
FN:7,(anonymous_1)
FN:11,(anonymous_2)
FNF:3
FNH:3
FNDA:2,(anonymous_0)
FNDA:1,(anonymous_1)
FNDA:1,(anonymous_2)
DA:4,1
DA:5,2
DA:7,2
DA:8,1
DA:11,2
DA:12,1
DA:15,1
DA:17,1
DA:21,2
LF:9
LH:9
BRF:0
BRH:0
end_of_record
TN:
SF:src\util\useSwiggyApi.js
FN:3,(anonymous_0)
FN:10,(anonymous_1)
FN:19,(anonymous_2)
FNF:3
FNH:3
FNDA:7,(anonymous_0)
FNDA:3,(anonymous_1)
FNDA:3,(anonymous_2)
DA:3,2
DA:5,7
DA:7,7
DA:10,7
DA:11,3
DA:14,3
DA:15,3
DA:16,3
DA:19,7
DA:20,3
DA:23,7
LF:11
LH:11
BRF:0
BRH:0
end_of_record
